<?xml version="1.0" encoding="UTF-8"?>
<!-- Generated by org.testng.reporters.JUnitReportReporter -->
<testsuite hostname="LAPTOP-N856A6RP" failures="0" tests="1" name="testsetup.TestRest" time="0.496" errors="0" timestamp="2022-11-08T17:10:17 IST" skipped="0">
  <testcase classname="testsetup.TestRest" name="restTest" time="0.496"/>
  <system-out/>
</testsuite> <!-- testsetup.TestRest -->
