<?xml version="1.0" encoding="UTF-8"?>
<!-- Generated by org.testng.reporters.JUnitReportReporter -->
<testsuite hostname="LAPTOP-N856A6RP" failures="0" tests="1" name="DEMO.Demo3" time="2.067" errors="0" timestamp="2023-11-26T09:08:10 IST" skipped="0">
  <testcase classname="DEMO.Demo3" name="A" time="2.067"/>
  <system-out/>
</testsuite> <!-- DEMO.Demo3 -->
